# JRE version: OpenJDK Runtime Environment (8.0_242) (build 1.8.0_242-release-1644-b3-6222593)
# Java VM: OpenJDK 64-Bit Server VM (25.242-b3-6222593 mixed mode linux-amd64 compressed oops)
Heap:
 PSYoungGen      total 83968K, used 37458K [0x00000000e0000000, 0x00000000e7000000, 0x0000000100000000)
  eden space 72704K, 36% used [0x00000000e0000000,0x00000000e1996158,0x00000000e4700000)
  from space 11264K, 99% used [0x00000000e4700000,0x00000000e51fe7a0,0x00000000e5200000)
  to   space 16384K, 0% used [0x00000000e6000000,0x00000000e6000000,0x00000000e7000000)
 ParOldGen       total 73216K, used 53536K [0x00000000a0000000, 0x00000000a4780000, 0x00000000e0000000)
  object space 73216K, 73% used [0x00000000a0000000,0x00000000a3448090,0x00000000a4780000)
 Metaspace       used 72263K, capacity 75602K, committed 75688K, reserved 1114112K
  class space    used 9670K, capacity 10338K, committed 10416K, reserved 1048576K
GC Heap History (10 events):
Event: 84,941 GC heap before
{Heap before GC invocations=32 (full 3):
 PSYoungGen      total 66048K, used 61833K [0x00000000e0000000, 0x00000000e4900000, 0x0000000100000000)
  eden space 58368K, 100% used [0x00000000e0000000,0x00000000e3900000,0x00000000e3900000)
  from space 7680K, 45% used [0x00000000e4180000,0x00000000e44e2518,0x00000000e4900000)
  to   space 8192K, 0% used [0x00000000e3900000,0x00000000e3900000,0x00000000e4100000)
 ParOldGen       total 73216K, used 36272K [0x00000000a0000000, 0x00000000a4780000, 0x00000000e0000000)
  object space 73216K, 49% used [0x00000000a0000000,0x00000000a236c130,0x00000000a4780000)
 Metaspace       used 62719K, capacity 65656K, committed 65832K, reserved 1105920K
  class space    used 8627K, capacity 9243K, committed 9264K, reserved 1048576K
Event: 84,955 GC heap after
Heap after GC invocations=32 (full 3):
 PSYoungGen      total 66560K, used 3799K [0x00000000e0000000, 0x00000000e5080000, 0x0000000100000000)
  eden space 58368K, 0% used [0x00000000e0000000,0x00000000e0000000,0x00000000e3900000)
  from space 8192K, 46% used [0x00000000e3900000,0x00000000e3cb5c68,0x00000000e4100000)
  to   space 7680K, 0% used [0x00000000e4900000,0x00000000e4900000,0x00000000e5080000)
 ParOldGen       total 73216K, used 37526K [0x00000000a0000000, 0x00000000a4780000, 0x00000000e0000000)
  object space 73216K, 51% used [0x00000000a0000000,0x00000000a24a5950,0x00000000a4780000)
 Metaspace       used 62719K, capacity 65656K, committed 65832K, reserved 1105920K
  class space    used 8627K, capacity 9243K, committed 9264K, reserved 1048576K
}
Event: 94,207 GC heap before
{Heap before GC invocations=33 (full 3):
 PSYoungGen      total 66560K, used 62167K [0x00000000e0000000, 0x00000000e5080000, 0x0000000100000000)
  eden space 58368K, 100% used [0x00000000e0000000,0x00000000e3900000,0x00000000e3900000)
  from space 8192K, 46% used [0x00000000e3900000,0x00000000e3cb5c68,0x00000000e4100000)
  to   space 7680K, 0% used [0x00000000e4900000,0x00000000e4900000,0x00000000e5080000)
 ParOldGen       total 73216K, used 37526K [0x00000000a0000000, 0x00000000a4780000, 0x00000000e0000000)
  object space 73216K, 51% used [0x00000000a0000000,0x00000000a24a5950,0x00000000a4780000)
 Metaspace       used 65730K, capacity 68922K, committed 69160K, reserved 1107968K
  class space    used 9026K, capacity 9676K, committed 9776K, reserved 1048576K
Event: 94,222 GC heap after
Heap after GC invocations=33 (full 3):
 PSYoungGen      total 73728K, used 7673K [0x00000000e0000000, 0x00000000e5180000, 0x0000000100000000)
  eden space 66048K, 0% used [0x00000000e0000000,0x00000000e0000000,0x00000000e4080000)
  from space 7680K, 99% used [0x00000000e4900000,0x00000000e507e770,0x00000000e5080000)
  to   space 8704K, 0% used [0x00000000e4080000,0x00000000e4080000,0x00000000e4900000)
 ParOldGen       total 73216K, used 37534K [0x00000000a0000000, 0x00000000a4780000, 0x00000000e0000000)
  object space 73216K, 51% used [0x00000000a0000000,0x00000000a24a7950,0x00000000a4780000)
 Metaspace       used 65730K, capacity 68922K, committed 69160K, reserved 1107968K
  class space    used 9026K, capacity 9676K, committed 9776K, reserved 1048576K
}
Event: 117,602 GC heap before
{Heap before GC invocations=34 (full 3):
 PSYoungGen      total 73728K, used 73707K [0x00000000e0000000, 0x00000000e5180000, 0x0000000100000000)
  eden space 66048K, 99% used [0x00000000e0000000,0x00000000e407c6d0,0x00000000e4080000)
  from space 7680K, 99% used [0x00000000e4900000,0x00000000e507e770,0x00000000e5080000)
  to   space 8704K, 0% used [0x00000000e4080000,0x00000000e4080000,0x00000000e4900000)
 ParOldGen       total 73216K, used 37534K [0x00000000a0000000, 0x00000000a4780000, 0x00000000e0000000)
  object space 73216K, 51% used [0x00000000a0000000,0x00000000a24a7950,0x00000000a4780000)
 Metaspace       used 68493K, capacity 71640K, committed 71976K, reserved 1112064K
  class space    used 9307K, capacity 9937K, committed 10032K, reserved 1048576K
Event: 117,620 GC heap after
Heap after GC invocations=34 (full 3):
 PSYoungGen      total 74752K, used 8696K [0x00000000e0000000, 0x00000000e5c00000, 0x0000000100000000)
  eden space 66048K, 0% used [0x00000000e0000000,0x00000000e0000000,0x00000000e4080000)
  from space 8704K, 99% used [0x00000000e4080000,0x00000000e48fe330,0x00000000e4900000)
  to   space 10240K, 0% used [0x00000000e5200000,0x00000000e5200000,0x00000000e5c00000)
 ParOldGen       total 73216K, used 38893K [0x00000000a0000000, 0x00000000a4780000, 0x00000000e0000000)
  object space 73216K, 53% used [0x00000000a0000000,0x00000000a25fb648,0x00000000a4780000)
 Metaspace       used 68493K, capacity 71640K, committed 71976K, reserved 1112064K
  class space    used 9307K, capacity 9937K, committed 10032K, reserved 1048576K
}
Event: 120,526 GC heap before
{Heap before GC invocations=35 (full 3):
 PSYoungGen      total 74752K, used 74744K [0x00000000e0000000, 0x00000000e5c00000, 0x0000000100000000)
  eden space 66048K, 100% used [0x00000000e0000000,0x00000000e4080000,0x00000000e4080000)
  from space 8704K, 99% used [0x00000000e4080000,0x00000000e48fe330,0x00000000e4900000)
  to   space 10240K, 0% used [0x00000000e5200000,0x00000000e5200000,0x00000000e5c00000)
 ParOldGen       total 73216K, used 38893K [0x00000000a0000000, 0x00000000a4780000, 0x00000000e0000000)
  object space 73216K, 53% used [0x00000000a0000000,0x00000000a25fb648,0x00000000a4780000)
 Metaspace       used 69274K, capacity 72434K, committed 72744K, reserved 1112064K
  class space    used 9374K, capacity 10006K, committed 10032K, reserved 1048576K
Event: 120,545 GC heap after
Heap after GC invocations=35 (full 3):
 PSYoungGen      total 82944K, used 8664K [0x00000000e0000000, 0x00000000e5e80000, 0x0000000100000000)
  eden space 72704K, 0% used [0x00000000e0000000,0x00000000e0000000,0x00000000e4700000)
  from space 10240K, 84% used [0x00000000e5200000,0x00000000e5a76030,0x00000000e5c00000)
  to   space 11264K, 0% used [0x00000000e4700000,0x00000000e4700000,0x00000000e5200000)
 ParOldGen       total 73216K, used 44459K [0x00000000a0000000, 0x00000000a4780000, 0x00000000e0000000)
  object space 73216K, 60% used [0x00000000a0000000,0x00000000a2b6ac08,0x00000000a4780000)
 Metaspace       used 69274K, capacity 72434K, committed 72744K, reserved 1112064K
  class space    used 9374K, capacity 10006K, committed 10032K, reserved 1048576K
}
Event: 123,241 GC heap before
{Heap before GC invocations=36 (full 3):
 PSYoungGen      total 82944K, used 81368K [0x00000000e0000000, 0x00000000e5e80000, 0x0000000100000000)
  eden space 72704K, 100% used [0x00000000e0000000,0x00000000e4700000,0x00000000e4700000)
  from space 10240K, 84% used [0x00000000e5200000,0x00000000e5a76030,0x00000000e5c00000)
  to   space 11264K, 0% used [0x00000000e4700000,0x00000000e4700000,0x00000000e5200000)
 ParOldGen       total 73216K, used 44459K [0x00000000a0000000, 0x00000000a4780000, 0x00000000e0000000)
  object space 73216K, 60% used [0x00000000a0000000,0x00000000a2b6ac08,0x00000000a4780000)
 Metaspace       used 72100K, capacity 75364K, committed 75688K, reserved 1114112K
  class space    used 9655K, capacity 10293K, committed 10416K, reserved 1048576K
Event: 123,273 GC heap after
Heap after GC invocations=36 (full 3):
 PSYoungGen      total 83968K, used 11257K [0x00000000e0000000, 0x00000000e7000000, 0x0000000100000000)
  eden space 72704K, 0% used [0x00000000e0000000,0x00000000e0000000,0x00000000e4700000)
  from space 11264K, 99% used [0x00000000e4700000,0x00000000e51fe7a0,0x00000000e5200000)
  to   space 16384K, 0% used [0x00000000e6000000,0x00000000e6000000,0x00000000e7000000)
 ParOldGen       total 73216K, used 53536K [0x00000000a0000000, 0x00000000a4780000, 0x00000000e0000000)
  object space 73216K, 73% used [0x00000000a0000000,0x00000000a3448090,0x00000000a4780000)
 Metaspace       used 72100K, capacity 75364K, committed 75688K, reserved 1114112K
  class space    used 9655K, capacity 10293K, committed 10416K, reserved 1048576K
}

