# JRE version: OpenJDK Runtime Environment (8.0_242) (build 1.8.0_242-release-1644-b3-6222593)
# Java VM: OpenJDK 64-Bit Server VM (25.242-b3-6222593 mixed mode linux-amd64 compressed oops)
Heap:
 PSYoungGen      total 483328K, used 426775K [0x00000000e0000000, 0x00000000ffe00000, 0x0000000100000000)
  eden space 445952K, 93% used [0x00000000e0000000,0x00000000f966f2e0,0x00000000fb380000)
  from space 37376K, 28% used [0x00000000fb380000,0x00000000fbdd6b50,0x00000000fd800000)
  to   space 35328K, 0% used [0x00000000fdb80000,0x00000000fdb80000,0x00000000ffe00000)
 ParOldGen       total 181760K, used 99683K [0x00000000a0000000, 0x00000000ab180000, 0x00000000e0000000)
  object space 181760K, 54% used [0x00000000a0000000,0x00000000a6158d28,0x00000000ab180000)
 Metaspace       used 88702K, capacity 92756K, committed 93224K, reserved 1130496K
  class space    used 11700K, capacity 12450K, committed 12592K, reserved 1048576K
GC Heap History (10 events):
Event: 87,589 GC heap before
{Heap before GC invocations=19 (full 4):
 PSYoungGen      total 483328K, used 8800K [0x00000000e0000000, 0x0000000100000000, 0x0000000100000000)
  eden space 442368K, 0% used [0x00000000e0000000,0x00000000e0000000,0x00000000fb000000)
  from space 40960K, 21% used [0x00000000fb000000,0x00000000fb898198,0x00000000fd800000)
  to   space 39936K, 0% used [0x00000000fd900000,0x00000000fd900000,0x0000000100000000)
 ParOldGen       total 104448K, used 88382K [0x00000000a0000000, 0x00000000a6600000, 0x00000000e0000000)
  object space 104448K, 84% used [0x00000000a0000000,0x00000000a564fa78,0x00000000a6600000)
 Metaspace       used 88391K, capacity 92676K, committed 92968K, reserved 1130496K
  class space    used 11742K, capacity 12512K, committed 12592K, reserved 1048576K
Event: 88,187 GC heap after
Heap after GC invocations=19 (full 4):
 PSYoungGen      total 483328K, used 0K [0x00000000e0000000, 0x0000000100000000, 0x0000000100000000)
  eden space 442368K, 0% used [0x00000000e0000000,0x00000000e0000000,0x00000000fb000000)
  from space 40960K, 0% used [0x00000000fb000000,0x00000000fb000000,0x00000000fd800000)
  to   space 39936K, 0% used [0x00000000fd900000,0x00000000fd900000,0x0000000100000000)
 ParOldGen       total 181760K, used 83988K [0x00000000a0000000, 0x00000000ab180000, 0x00000000e0000000)
  object space 181760K, 46% used [0x00000000a0000000,0x00000000a52050b0,0x00000000ab180000)
 Metaspace       used 88218K, capacity 92194K, committed 92968K, reserved 1130496K
  class space    used 11685K, capacity 12411K, committed 12592K, reserved 1048576K
}
Event: 90,411 GC heap before
{Heap before GC invocations=20 (full 4):
 PSYoungGen      total 483328K, used 442368K [0x00000000e0000000, 0x0000000100000000, 0x0000000100000000)
  eden space 442368K, 100% used [0x00000000e0000000,0x00000000fb000000,0x00000000fb000000)
  from space 40960K, 0% used [0x00000000fb000000,0x00000000fb000000,0x00000000fd800000)
  to   space 39936K, 0% used [0x00000000fd900000,0x00000000fd900000,0x0000000100000000)
 ParOldGen       total 181760K, used 83988K [0x00000000a0000000, 0x00000000ab180000, 0x00000000e0000000)
  object space 181760K, 46% used [0x00000000a0000000,0x00000000a52050b0,0x00000000ab180000)
 Metaspace       used 88284K, capacity 92312K, committed 92968K, reserved 1130496K
  class space    used 11689K, capacity 12444K, committed 12592K, reserved 1048576K
Event: 90,438 GC heap after
Heap after GC invocations=20 (full 4):
 PSYoungGen      total 481280K, used 5152K [0x00000000e0000000, 0x00000000ffe00000, 0x0000000100000000)
  eden space 443392K, 0% used [0x00000000e0000000,0x00000000e0000000,0x00000000fb100000)
  from space 37888K, 13% used [0x00000000fd900000,0x00000000fde08030,0x00000000ffe00000)
  to   space 39424K, 0% used [0x00000000fb100000,0x00000000fb100000,0x00000000fd780000)
 ParOldGen       total 181760K, used 83988K [0x00000000a0000000, 0x00000000ab180000, 0x00000000e0000000)
  object space 181760K, 46% used [0x00000000a0000000,0x00000000a52050b0,0x00000000ab180000)
 Metaspace       used 88284K, capacity 92312K, committed 92968K, reserved 1130496K
  class space    used 11689K, capacity 12444K, committed 12592K, reserved 1048576K
}
Event: 92,385 GC heap before
{Heap before GC invocations=21 (full 4):
 PSYoungGen      total 481280K, used 448544K [0x00000000e0000000, 0x00000000ffe00000, 0x0000000100000000)
  eden space 443392K, 100% used [0x00000000e0000000,0x00000000fb100000,0x00000000fb100000)
  from space 37888K, 13% used [0x00000000fd900000,0x00000000fde08030,0x00000000ffe00000)
  to   space 39424K, 0% used [0x00000000fb100000,0x00000000fb100000,0x00000000fd780000)
 ParOldGen       total 181760K, used 83988K [0x00000000a0000000, 0x00000000ab180000, 0x00000000e0000000)
  object space 181760K, 46% used [0x00000000a0000000,0x00000000a52050b0,0x00000000ab180000)
 Metaspace       used 88328K, capacity 92312K, committed 92968K, reserved 1130496K
  class space    used 11689K, capacity 12444K, committed 12592K, reserved 1048576K
Event: 92,419 GC heap after
Heap after GC invocations=21 (full 4):
 PSYoungGen      total 482816K, used 4672K [0x00000000e0000000, 0x0000000100000000, 0x0000000100000000)
  eden space 443392K, 0% used [0x00000000e0000000,0x00000000e0000000,0x00000000fb100000)
  from space 39424K, 11% used [0x00000000fb100000,0x00000000fb590000,0x00000000fd780000)
  to   space 38912K, 0% used [0x00000000fda00000,0x00000000fda00000,0x0000000100000000)
 ParOldGen       total 181760K, used 88940K [0x00000000a0000000, 0x00000000ab180000, 0x00000000e0000000)
  object space 181760K, 48% used [0x00000000a0000000,0x00000000a56db130,0x00000000ab180000)
 Metaspace       used 88328K, capacity 92312K, committed 92968K, reserved 1130496K
  class space    used 11689K, capacity 12444K, committed 12592K, reserved 1048576K
}
Event: 95,006 GC heap before
{Heap before GC invocations=22 (full 4):
 PSYoungGen      total 482816K, used 448064K [0x00000000e0000000, 0x0000000100000000, 0x0000000100000000)
  eden space 443392K, 100% used [0x00000000e0000000,0x00000000fb100000,0x00000000fb100000)
  from space 39424K, 11% used [0x00000000fb100000,0x00000000fb590000,0x00000000fd780000)
  to   space 38912K, 0% used [0x00000000fda00000,0x00000000fda00000,0x0000000100000000)
 ParOldGen       total 181760K, used 88940K [0x00000000a0000000, 0x00000000ab180000, 0x00000000e0000000)
  object space 181760K, 48% used [0x00000000a0000000,0x00000000a56db130,0x00000000ab180000)
 Metaspace       used 88576K, capacity 92590K, committed 93224K, reserved 1130496K
  class space    used 11691K, capacity 12445K, committed 12592K, reserved 1048576K
Event: 95,083 GC heap after
Heap after GC invocations=22 (full 4):
 PSYoungGen      total 481280K, used 9992K [0x00000000e0000000, 0x00000000ffc80000, 0x0000000100000000)
  eden space 445952K, 0% used [0x00000000e0000000,0x00000000e0000000,0x00000000fb380000)
  from space 35328K, 28% used [0x00000000fda00000,0x00000000fe3c23d8,0x00000000ffc80000)
  to   space 37376K, 0% used [0x00000000fb380000,0x00000000fb380000,0x00000000fd800000)
 ParOldGen       total 181760K, used 92380K [0x00000000a0000000, 0x00000000ab180000, 0x00000000e0000000)
  object space 181760K, 50% used [0x00000000a0000000,0x00000000a5a37130,0x00000000ab180000)
 Metaspace       used 88576K, capacity 92590K, committed 93224K, reserved 1130496K
  class space    used 11691K, capacity 12445K, committed 12592K, reserved 1048576K
}
Event: 97,497 GC heap before
{Heap before GC invocations=23 (full 4):
 PSYoungGen      total 481280K, used 455944K [0x00000000e0000000, 0x00000000ffc80000, 0x0000000100000000)
  eden space 445952K, 100% used [0x00000000e0000000,0x00000000fb380000,0x00000000fb380000)
  from space 35328K, 28% used [0x00000000fda00000,0x00000000fe3c23d8,0x00000000ffc80000)
  to   space 37376K, 0% used [0x00000000fb380000,0x00000000fb380000,0x00000000fd800000)
 ParOldGen       total 181760K, used 92380K [0x00000000a0000000, 0x00000000ab180000, 0x00000000e0000000)
  object space 181760K, 50% used [0x00000000a0000000,0x00000000a5a37130,0x00000000ab180000)
 Metaspace       used 88685K, capacity 92690K, committed 93224K, reserved 1130496K
  class space    used 11699K, capacity 12449K, committed 12592K, reserved 1048576K
Event: 97,546 GC heap after
Heap after GC invocations=23 (full 4):
 PSYoungGen      total 483328K, used 10586K [0x00000000e0000000, 0x00000000ffe00000, 0x0000000100000000)
  eden space 445952K, 0% used [0x00000000e0000000,0x00000000e0000000,0x00000000fb380000)
  from space 37376K, 28% used [0x00000000fb380000,0x00000000fbdd6b50,0x00000000fd800000)
  to   space 35328K, 0% used [0x00000000fdb80000,0x00000000fdb80000,0x00000000ffe00000)
 ParOldGen       total 181760K, used 99683K [0x00000000a0000000, 0x00000000ab180000, 0x00000000e0000000)
  object space 181760K, 54% used [0x00000000a0000000,0x00000000a6158d28,0x00000000ab180000)
 Metaspace       used 88685K, capacity 92690K, committed 93224K, reserved 1130496K
  class space    used 11699K, capacity 12449K, committed 12592K, reserved 1048576K
}

