# JRE version: OpenJDK Runtime Environment (8.0_242) (build 1.8.0_242-release-1644-b3-6222593)
# Java VM: OpenJDK 64-Bit Server VM (25.242-b3-6222593 mixed mode linux-amd64 compressed oops)
Heap:
 PSYoungGen      total 418816K, used 195531K [0x00000000e0000000, 0x0000000100000000, 0x0000000100000000)
  eden space 337920K, 35% used [0x00000000e0000000,0x00000000e74ede68,0x00000000f4a00000)
  from space 80896K, 93% used [0x00000000fb100000,0x00000000ffb04ed8,0x0000000100000000)
  to   space 93184K, 0% used [0x00000000f4a00000,0x00000000f4a00000,0x00000000fa500000)
 ParOldGen       total 297472K, used 138817K [0x00000000a0000000, 0x00000000b2280000, 0x00000000e0000000)
  object space 297472K, 46% used [0x00000000a0000000,0x00000000a8790758,0x00000000b2280000)
 Metaspace       used 107971K, capacity 113322K, committed 113448K, reserved 1146880K
  class space    used 14098K, capacity 15109K, committed 15144K, reserved 1048576K
GC Heap History (10 events):
Event: 136,449 GC heap before
{Heap before GC invocations=21 (full 4):
 PSYoungGen      total 339968K, used 316939K [0x00000000e0000000, 0x00000000f6c00000, 0x0000000100000000)
  eden space 306176K, 100% used [0x00000000e0000000,0x00000000f2b00000,0x00000000f2b00000)
  from space 33792K, 31% used [0x00000000f4b00000,0x00000000f5582e00,0x00000000f6c00000)
  to   space 32768K, 0% used [0x00000000f2b00000,0x00000000f2b00000,0x00000000f4b00000)
 ParOldGen       total 177664K, used 65043K [0x00000000a0000000, 0x00000000aad80000, 0x00000000e0000000)
  object space 177664K, 36% used [0x00000000a0000000,0x00000000a3f84d40,0x00000000aad80000)
 Metaspace       used 105589K, capacity 110666K, committed 111016K, reserved 1144832K
  class space    used 13878K, capacity 14893K, committed 15016K, reserved 1048576K
Event: 136,575 GC heap after
Heap after GC invocations=21 (full 4):
 PSYoungGen      total 338944K, used 32764K [0x00000000e0000000, 0x00000000fc880000, 0x0000000100000000)
  eden space 306176K, 0% used [0x00000000e0000000,0x00000000e0000000,0x00000000f2b00000)
  from space 32768K, 99% used [0x00000000f2b00000,0x00000000f4aff248,0x00000000f4b00000)
  to   space 51200K, 0% used [0x00000000f9680000,0x00000000f9680000,0x00000000fc880000)
 ParOldGen       total 177664K, used 100741K [0x00000000a0000000, 0x00000000aad80000, 0x00000000e0000000)
  object space 177664K, 56% used [0x00000000a0000000,0x00000000a6261508,0x00000000aad80000)
 Metaspace       used 105589K, capacity 110666K, committed 111016K, reserved 1144832K
  class space    used 13878K, capacity 14893K, committed 15016K, reserved 1048576K
}
Event: 142,215 GC heap before
{Heap before GC invocations=22 (full 4):
 PSYoungGen      total 338944K, used 338940K [0x00000000e0000000, 0x00000000fc880000, 0x0000000100000000)
  eden space 306176K, 100% used [0x00000000e0000000,0x00000000f2b00000,0x00000000f2b00000)
  from space 32768K, 99% used [0x00000000f2b00000,0x00000000f4aff248,0x00000000f4b00000)
  to   space 51200K, 0% used [0x00000000f9680000,0x00000000f9680000,0x00000000fc880000)
 ParOldGen       total 177664K, used 100741K [0x00000000a0000000, 0x00000000aad80000, 0x00000000e0000000)
  object space 177664K, 56% used [0x00000000a0000000,0x00000000a6261508,0x00000000aad80000)
 Metaspace       used 106991K, capacity 112212K, committed 112424K, reserved 1146880K
  class space    used 14094K, capacity 15104K, committed 15144K, reserved 1048576K
Event: 142,292 GC heap after
Heap after GC invocations=22 (full 4):
 PSYoungGen      total 414208K, used 34210K [0x00000000e0000000, 0x00000000fcb80000, 0x0000000100000000)
  eden space 363008K, 0% used [0x00000000e0000000,0x00000000e0000000,0x00000000f6280000)
  from space 51200K, 66% used [0x00000000f9680000,0x00000000fb7e8aa0,0x00000000fc880000)
  to   space 53248K, 0% used [0x00000000f6280000,0x00000000f6280000,0x00000000f9680000)
 ParOldGen       total 177664K, used 100749K [0x00000000a0000000, 0x00000000aad80000, 0x00000000e0000000)
  object space 177664K, 56% used [0x00000000a0000000,0x00000000a6263508,0x00000000aad80000)
 Metaspace       used 106991K, capacity 112212K, committed 112424K, reserved 1146880K
  class space    used 14094K, capacity 15104K, committed 15144K, reserved 1048576K
}
Event: 290,640 GC heap before
{Heap before GC invocations=23 (full 4):
 PSYoungGen      total 414208K, used 397218K [0x00000000e0000000, 0x00000000fcb80000, 0x0000000100000000)
  eden space 363008K, 100% used [0x00000000e0000000,0x00000000f6280000,0x00000000f6280000)
  from space 51200K, 66% used [0x00000000f9680000,0x00000000fb7e8aa0,0x00000000fc880000)
  to   space 53248K, 0% used [0x00000000f6280000,0x00000000f6280000,0x00000000f9680000)
 ParOldGen       total 177664K, used 100749K [0x00000000a0000000, 0x00000000aad80000, 0x00000000e0000000)
  object space 177664K, 56% used [0x00000000a0000000,0x00000000a6263508,0x00000000aad80000)
 Metaspace       used 107629K, capacity 112878K, committed 112936K, reserved 1146880K
  class space    used 14111K, capacity 15129K, committed 15144K, reserved 1048576K
Event: 291,844 GC heap after
Heap after GC invocations=23 (full 4):
 PSYoungGen      total 416256K, used 53240K [0x00000000e0000000, 0x0000000100000000, 0x0000000100000000)
  eden space 363008K, 0% used [0x00000000e0000000,0x00000000e0000000,0x00000000f6280000)
  from space 53248K, 99% used [0x00000000f6280000,0x00000000f967e050,0x00000000f9680000)
  to   space 80896K, 0% used [0x00000000fb100000,0x00000000fb100000,0x0000000100000000)
 ParOldGen       total 177664K, used 152883K [0x00000000a0000000, 0x00000000aad80000, 0x00000000e0000000)
  object space 177664K, 86% used [0x00000000a0000000,0x00000000a954cc78,0x00000000aad80000)
 Metaspace       used 107629K, capacity 112878K, committed 112936K, reserved 1146880K
  class space    used 14111K, capacity 15129K, committed 15144K, reserved 1048576K
}
Event: 291,844 GC heap before
{Heap before GC invocations=24 (full 5):
 PSYoungGen      total 416256K, used 53240K [0x00000000e0000000, 0x0000000100000000, 0x0000000100000000)
  eden space 363008K, 0% used [0x00000000e0000000,0x00000000e0000000,0x00000000f6280000)
  from space 53248K, 99% used [0x00000000f6280000,0x00000000f967e050,0x00000000f9680000)
  to   space 80896K, 0% used [0x00000000fb100000,0x00000000fb100000,0x0000000100000000)
 ParOldGen       total 177664K, used 152883K [0x00000000a0000000, 0x00000000aad80000, 0x00000000e0000000)
  object space 177664K, 86% used [0x00000000a0000000,0x00000000a954cc78,0x00000000aad80000)
 Metaspace       used 107629K, capacity 112878K, committed 112936K, reserved 1146880K
  class space    used 14111K, capacity 15129K, committed 15144K, reserved 1048576K
Event: 292,432 GC heap after
Heap after GC invocations=24 (full 5):
 PSYoungGen      total 416256K, used 0K [0x00000000e0000000, 0x0000000100000000, 0x0000000100000000)
  eden space 363008K, 0% used [0x00000000e0000000,0x00000000e0000000,0x00000000f6280000)
  from space 53248K, 0% used [0x00000000f6280000,0x00000000f6280000,0x00000000f9680000)
  to   space 80896K, 0% used [0x00000000fb100000,0x00000000fb100000,0x0000000100000000)
 ParOldGen       total 297472K, used 138809K [0x00000000a0000000, 0x00000000b2280000, 0x00000000e0000000)
  object space 297472K, 46% used [0x00000000a0000000,0x00000000a878e758,0x00000000b2280000)
 Metaspace       used 107450K, capacity 112406K, committed 112936K, reserved 1146880K
  class space    used 14049K, capacity 15021K, committed 15144K, reserved 1048576K
}
Event: 590,354 GC heap before
{Heap before GC invocations=25 (full 5):
 PSYoungGen      total 416256K, used 362440K [0x00000000e0000000, 0x0000000100000000, 0x0000000100000000)
  eden space 363008K, 99% used [0x00000000e0000000,0x00000000f61f2218,0x00000000f6280000)
  from space 53248K, 0% used [0x00000000f6280000,0x00000000f6280000,0x00000000f9680000)
  to   space 80896K, 0% used [0x00000000fb100000,0x00000000fb100000,0x0000000100000000)
 ParOldGen       total 297472K, used 138809K [0x00000000a0000000, 0x00000000b2280000, 0x00000000e0000000)
  object space 297472K, 46% used [0x00000000a0000000,0x00000000a878e758,0x00000000b2280000)
 Metaspace       used 107950K, capacity 113252K, committed 113448K, reserved 1146880K
  class space    used 14097K, capacity 15108K, committed 15144K, reserved 1048576K
Event: 592,458 GC heap after
Heap after GC invocations=25 (full 5):
 PSYoungGen      total 418816K, used 75795K [0x00000000e0000000, 0x0000000100000000, 0x0000000100000000)
  eden space 337920K, 0% used [0x00000000e0000000,0x00000000e0000000,0x00000000f4a00000)
  from space 80896K, 93% used [0x00000000fb100000,0x00000000ffb04ed8,0x0000000100000000)
  to   space 93184K, 0% used [0x00000000f4a00000,0x00000000f4a00000,0x00000000fa500000)
 ParOldGen       total 297472K, used 138817K [0x00000000a0000000, 0x00000000b2280000, 0x00000000e0000000)
  object space 297472K, 46% used [0x00000000a0000000,0x00000000a8790758,0x00000000b2280000)
 Metaspace       used 107950K, capacity 113252K, committed 113448K, reserved 1146880K
  class space    used 14097K, capacity 15108K, committed 15144K, reserved 1048576K
}

