# JRE version: OpenJDK Runtime Environment (8.0_242) (build 1.8.0_242-release-1644-b3-6222593)
# Java VM: OpenJDK 64-Bit Server VM (25.242-b3-6222593 mixed mode linux-amd64 compressed oops)
Heap:
 PSYoungGen      total 53248K, used 19593K [0x00000000e0000000, 0x00000000e5180000, 0x0000000100000000)
  eden space 45568K, 42% used [0x00000000e0000000,0x00000000e13224c8,0x00000000e2c80000)
  from space 7680K, 0% used [0x00000000e2c80000,0x00000000e2c80000,0x00000000e3400000)
  to   space 7680K, 0% used [0x00000000e4a00000,0x00000000e4a00000,0x00000000e5180000)
 ParOldGen       total 52736K, used 15582K [0x00000000a0000000, 0x00000000a3380000, 0x00000000e0000000)
  object space 52736K, 29% used [0x00000000a0000000,0x00000000a0f37818,0x00000000a3380000)
 Metaspace       used 34840K, capacity 36032K, committed 36136K, reserved 1081344K
  class space    used 4794K, capacity 5092K, committed 5168K, reserved 1048576K
GC Heap History (10 events):
Event: 14,739 GC heap before
{Heap before GC invocations=13 (full 1):
 PSYoungGen      total 29184K, used 25311K [0x00000000e0000000, 0x00000000e2d80000, 0x0000000100000000)
  eden space 21504K, 100% used [0x00000000e0000000,0x00000000e1500000,0x00000000e1500000)
  from space 7680K, 49% used [0x00000000e1500000,0x00000000e18b7f48,0x00000000e1c80000)
  to   space 7680K, 0% used [0x00000000e2600000,0x00000000e2600000,0x00000000e2d80000)
 ParOldGen       total 35328K, used 9083K [0x00000000a0000000, 0x00000000a2280000, 0x00000000e0000000)
  object space 35328K, 25% used [0x00000000a0000000,0x00000000a08def90,0x00000000a2280000)
 Metaspace       used 30435K, capacity 31194K, committed 31536K, reserved 1077248K
  class space    used 4092K, capacity 4304K, committed 4400K, reserved 1048576K
Event: 14,746 GC heap after
Heap after GC invocations=13 (full 1):
 PSYoungGen      total 38912K, used 1919K [0x00000000e0000000, 0x00000000e2d80000, 0x0000000100000000)
  eden space 31232K, 0% used [0x00000000e0000000,0x00000000e0000000,0x00000000e1e80000)
  from space 7680K, 24% used [0x00000000e2600000,0x00000000e27dfe18,0x00000000e2d80000)
  to   space 7680K, 0% used [0x00000000e1e80000,0x00000000e1e80000,0x00000000e2600000)
 ParOldGen       total 35328K, used 11339K [0x00000000a0000000, 0x00000000a2280000, 0x00000000e0000000)
  object space 35328K, 32% used [0x00000000a0000000,0x00000000a0b12fc0,0x00000000a2280000)
 Metaspace       used 30435K, capacity 31194K, committed 31536K, reserved 1077248K
  class space    used 4092K, capacity 4304K, committed 4400K, reserved 1048576K
}
Event: 15,307 GC heap before
{Heap before GC invocations=14 (full 1):
 PSYoungGen      total 38912K, used 33151K [0x00000000e0000000, 0x00000000e2d80000, 0x0000000100000000)
  eden space 31232K, 100% used [0x00000000e0000000,0x00000000e1e80000,0x00000000e1e80000)
  from space 7680K, 24% used [0x00000000e2600000,0x00000000e27dfe18,0x00000000e2d80000)
  to   space 7680K, 0% used [0x00000000e1e80000,0x00000000e1e80000,0x00000000e2600000)
 ParOldGen       total 35328K, used 11339K [0x00000000a0000000, 0x00000000a2280000, 0x00000000e0000000)
  object space 35328K, 32% used [0x00000000a0000000,0x00000000a0b12fc0,0x00000000a2280000)
 Metaspace       used 31875K, capacity 32752K, committed 33072K, reserved 1077248K
  class space    used 4320K, capacity 4591K, committed 4656K, reserved 1048576K
Event: 15,316 GC heap after
Heap after GC invocations=14 (full 1):
 PSYoungGen      total 38912K, used 2718K [0x00000000e0000000, 0x00000000e3b80000, 0x0000000100000000)
  eden space 31232K, 0% used [0x00000000e0000000,0x00000000e0000000,0x00000000e1e80000)
  from space 7680K, 35% used [0x00000000e1e80000,0x00000000e21279c0,0x00000000e2600000)
  to   space 7680K, 0% used [0x00000000e3400000,0x00000000e3400000,0x00000000e3b80000)
 ParOldGen       total 35328K, used 11987K [0x00000000a0000000, 0x00000000a2280000, 0x00000000e0000000)
  object space 35328K, 33% used [0x00000000a0000000,0x00000000a0bb4fc0,0x00000000a2280000)
 Metaspace       used 31875K, capacity 32752K, committed 33072K, reserved 1077248K
  class space    used 4320K, capacity 4591K, committed 4656K, reserved 1048576K
}
Event: 15,994 GC heap before
{Heap before GC invocations=15 (full 1):
 PSYoungGen      total 38912K, used 33950K [0x00000000e0000000, 0x00000000e3b80000, 0x0000000100000000)
  eden space 31232K, 100% used [0x00000000e0000000,0x00000000e1e80000,0x00000000e1e80000)
  from space 7680K, 35% used [0x00000000e1e80000,0x00000000e21279c0,0x00000000e2600000)
  to   space 7680K, 0% used [0x00000000e3400000,0x00000000e3400000,0x00000000e3b80000)
 ParOldGen       total 35328K, used 11987K [0x00000000a0000000, 0x00000000a2280000, 0x00000000e0000000)
  object space 35328K, 33% used [0x00000000a0000000,0x00000000a0bb4fc0,0x00000000a2280000)
 Metaspace       used 33442K, capacity 34436K, committed 34608K, reserved 1079296K
  class space    used 4538K, capacity 4806K, committed 4912K, reserved 1048576K
Event: 16,005 GC heap after
Heap after GC invocations=15 (full 1):
 PSYoungGen      total 53248K, used 2934K [0x00000000e0000000, 0x00000000e3c00000, 0x0000000100000000)
  eden space 45568K, 0% used [0x00000000e0000000,0x00000000e0000000,0x00000000e2c80000)
  from space 7680K, 38% used [0x00000000e3400000,0x00000000e36dd8f8,0x00000000e3b80000)
  to   space 7680K, 0% used [0x00000000e2c80000,0x00000000e2c80000,0x00000000e3400000)
 ParOldGen       total 35328K, used 13275K [0x00000000a0000000, 0x00000000a2280000, 0x00000000e0000000)
  object space 35328K, 37% used [0x00000000a0000000,0x00000000a0cf6c78,0x00000000a2280000)
 Metaspace       used 33442K, capacity 34436K, committed 34608K, reserved 1079296K
  class space    used 4538K, capacity 4806K, committed 4912K, reserved 1048576K
}
Event: 16,304 GC heap before
{Heap before GC invocations=16 (full 1):
 PSYoungGen      total 53248K, used 19216K [0x00000000e0000000, 0x00000000e3c00000, 0x0000000100000000)
  eden space 45568K, 35% used [0x00000000e0000000,0x00000000e0fe6908,0x00000000e2c80000)
  from space 7680K, 38% used [0x00000000e3400000,0x00000000e36dd8f8,0x00000000e3b80000)
  to   space 7680K, 0% used [0x00000000e2c80000,0x00000000e2c80000,0x00000000e3400000)
 ParOldGen       total 35328K, used 13275K [0x00000000a0000000, 0x00000000a2280000, 0x00000000e0000000)
  object space 35328K, 37% used [0x00000000a0000000,0x00000000a0cf6c78,0x00000000a2280000)
 Metaspace       used 34367K, capacity 35442K, committed 35496K, reserved 1079296K
  class space    used 4689K, capacity 5007K, committed 5040K, reserved 1048576K
Event: 16,311 GC heap after
Heap after GC invocations=16 (full 1):
 PSYoungGen      total 53248K, used 1757K [0x00000000e0000000, 0x00000000e5180000, 0x0000000100000000)
  eden space 45568K, 0% used [0x00000000e0000000,0x00000000e0000000,0x00000000e2c80000)
  from space 7680K, 22% used [0x00000000e2c80000,0x00000000e2e37680,0x00000000e3400000)
  to   space 7680K, 0% used [0x00000000e4a00000,0x00000000e4a00000,0x00000000e5180000)
 ParOldGen       total 35328K, used 15019K [0x00000000a0000000, 0x00000000a2280000, 0x00000000e0000000)
  object space 35328K, 42% used [0x00000000a0000000,0x00000000a0eaac78,0x00000000a2280000)
 Metaspace       used 34367K, capacity 35442K, committed 35496K, reserved 1079296K
  class space    used 4689K, capacity 5007K, committed 5040K, reserved 1048576K
}
Event: 16,311 GC heap before
{Heap before GC invocations=17 (full 2):
 PSYoungGen      total 53248K, used 1757K [0x00000000e0000000, 0x00000000e5180000, 0x0000000100000000)
  eden space 45568K, 0% used [0x00000000e0000000,0x00000000e0000000,0x00000000e2c80000)
  from space 7680K, 22% used [0x00000000e2c80000,0x00000000e2e37680,0x00000000e3400000)
  to   space 7680K, 0% used [0x00000000e4a00000,0x00000000e4a00000,0x00000000e5180000)
 ParOldGen       total 35328K, used 15019K [0x00000000a0000000, 0x00000000a2280000, 0x00000000e0000000)
  object space 35328K, 42% used [0x00000000a0000000,0x00000000a0eaac78,0x00000000a2280000)
 Metaspace       used 34367K, capacity 35442K, committed 35496K, reserved 1079296K
  class space    used 4689K, capacity 5007K, committed 5040K, reserved 1048576K
Event: 16,398 GC heap after
Heap after GC invocations=17 (full 2):
 PSYoungGen      total 53248K, used 0K [0x00000000e0000000, 0x00000000e5180000, 0x0000000100000000)
  eden space 45568K, 0% used [0x00000000e0000000,0x00000000e0000000,0x00000000e2c80000)
  from space 7680K, 0% used [0x00000000e2c80000,0x00000000e2c80000,0x00000000e3400000)
  to   space 7680K, 0% used [0x00000000e4a00000,0x00000000e4a00000,0x00000000e5180000)
 ParOldGen       total 52736K, used 15582K [0x00000000a0000000, 0x00000000a3380000, 0x00000000e0000000)
  object space 52736K, 29% used [0x00000000a0000000,0x00000000a0f37818,0x00000000a3380000)
 Metaspace       used 34367K, capacity 35442K, committed 35496K, reserved 1079296K
  class space    used 4689K, capacity 5007K, committed 5040K, reserved 1048576K
}

